2025-03-23 21:08:23,726 - INFO - Starting VM resource monitoring...
2025-03-23 21:08:23,726 - INFO - Monitoring threshold set at 75%
2025-03-23 21:08:23,791 - INFO - Successfully connected to GCP
2025-03-23 21:08:25,726 - WARNING - Encountered 403 Forbidden with reason "forbidden"
2025-03-23 21:08:25,727 - ERROR - Failed to check instance status: <HttpError 403 when requesting https://compute.googleapis.com/compute/v1/projects/innate-might-454613-p4/zones/us-central1-c/instances/instance-20250323-145124?alt=json returned "Required 'compute.instances.get' permission for 'projects/innate-might-454613-p4/zones/us-central1-c/instances/instance-20250323-145124'". Details: "[{'message': "Required 'compute.instances.get' permission for 'projects/innate-might-454613-p4/zones/us-central1-c/instances/instance-20250323-145124'", 'domain': 'global', 'reason': 'forbidden'}]">
2025-03-23 21:08:25,728 - ERROR - Instance 'instance-20250323-145124' not found. Please check the instance name.
2025-03-23 21:13:09,697 - INFO - Starting VM resource monitoring...
2025-03-23 21:13:09,697 - INFO - Monitoring threshold set at 75%
2025-03-23 21:13:09,697 - INFO - Successfully connected to GCP
2025-03-23 21:13:10,698 - INFO - Current usage: CPU: 0.0%, Memory: 51.7%, Disk: 62.6%
2025-03-23 21:13:21,710 - INFO - Current usage: CPU: 3.4%, Memory: 51.7%, Disk: 62.6%
2025-03-23 21:13:32,722 - INFO - Current usage: CPU: 0.0%, Memory: 51.7%, Disk: 62.6%
2025-03-23 21:13:43,750 - INFO - Current usage: CPU: 100.0%, Memory: 51.7%, Disk: 62.6%
2025-03-23 21:13:43,750 - WARNING - THRESHOLD EXCEEDED: CPU usage (100.0%) > 75%
2025-03-23 21:13:43,750 - INFO - AUTO-SCALING EVENT TRIGGERED by high CPU usage: 100.0%
2025-03-23 21:13:43,750 - INFO - Would connect to GCP instance 'instance-20250323-145124' in zone 'us-central1-c'
2025-03-23 21:13:43,750 - INFO - Simulating auto-scaling process...
2025-03-23 21:13:43,750 - INFO - Step 1/4: Verifying GCP instance exists... [SUCCESS]
2025-03-23 21:13:44,759 - INFO - Step 2/4: Starting GCP instance... [SUCCESS]
2025-03-23 21:13:45,768 - INFO - Step 3/4: Preparing workload for migration... [SUCCESS]
2025-03-23 21:13:46,777 - INFO - Step 4/4: Migrating workload to GCP instance... [SUCCESS]
2025-03-23 21:13:47,787 - INFO - AUTO-SCALING COMPLETE: Workload successfully migrated to GCP instance 'instance-20250323-145124'
2025-03-23 21:13:47,787 - INFO - Entering cooldown period of 60 seconds
2025-03-23 21:13:58,806 - INFO - Current usage: CPU: 100.0%, Memory: 51.7%, Disk: 62.6%
2025-03-23 21:13:58,806 - INFO - In cooldown period, 45 seconds remaining
2025-03-23 21:14:09,826 - INFO - Current usage: CPU: 100.0%, Memory: 51.7%, Disk: 62.6%
2025-03-23 21:14:09,826 - INFO - In cooldown period, 34 seconds remaining
2025-03-23 21:14:20,847 - INFO - Current usage: CPU: 100.0%, Memory: 51.7%, Disk: 62.6%
2025-03-23 21:14:20,847 - INFO - In cooldown period, 23 seconds remaining
2025-03-23 21:14:31,869 - INFO - Current usage: CPU: 100.0%, Memory: 51.7%, Disk: 62.6%
2025-03-23 21:14:31,869 - INFO - In cooldown period, 12 seconds remaining
2025-03-23 21:14:42,882 - INFO - Current usage: CPU: 0.0%, Memory: 51.7%, Disk: 62.6%
2025-03-23 21:14:42,882 - INFO - In cooldown period, 1 seconds remaining
2025-03-23 21:14:52,726 - INFO - Monitoring stopped by user
2025-03-23 21:17:51,270 - INFO - Starting VM resource monitoring...
2025-03-23 21:17:51,270 - INFO - Monitoring threshold set at 75%
2025-03-23 21:17:51,270 - INFO - Successfully connected to GCP
2025-03-23 21:17:52,272 - INFO - Current usage: CPU: 16.9%, Memory: 51.7%, Disk: 62.6%
2025-03-23 21:18:03,294 - INFO - Current usage: CPU: 100.0%, Memory: 51.7%, Disk: 62.6%
2025-03-23 21:18:03,294 - WARNING - THRESHOLD EXCEEDED: CPU usage (100.0%) > 75%
2025-03-23 21:18:03,294 - INFO - AUTO-SCALING EVENT TRIGGERED by high CPU usage: 100.0%
2025-03-23 21:18:03,294 - INFO - Would connect to GCP instance 'instance-20250323-145124' in zone 'us-central1-c'
2025-03-23 21:18:03,294 - INFO - Simulating auto-scaling process...
2025-03-23 21:18:03,294 - INFO - Step 1/4: Verifying GCP instance exists... [SUCCESS]
2025-03-23 21:18:04,303 - INFO - Step 2/4: Starting GCP instance... [SUCCESS]
2025-03-23 21:18:05,311 - INFO - Step 3/4: Preparing workload for migration... [SUCCESS]
2025-03-23 21:18:06,319 - INFO - Step 4/4: Migrating workload to GCP instance... [SUCCESS]
2025-03-23 21:18:07,328 - INFO - AUTO-SCALING COMPLETE: Workload successfully migrated to GCP instance 'instance-20250323-145124'
2025-03-23 21:18:07,328 - INFO - Entering cooldown period of 60 seconds
2025-03-23 21:18:18,349 - INFO - Current usage: CPU: 100.0%, Memory: 51.7%, Disk: 62.6%
2025-03-23 21:18:18,349 - INFO - In cooldown period, 45 seconds remaining
2025-03-23 21:18:29,370 - INFO - Current usage: CPU: 100.0%, Memory: 51.7%, Disk: 62.6%
2025-03-23 21:18:29,370 - INFO - In cooldown period, 34 seconds remaining
2025-03-23 21:18:40,390 - INFO - Current usage: CPU: 100.0%, Memory: 51.7%, Disk: 62.6%
2025-03-23 21:18:40,390 - INFO - In cooldown period, 23 seconds remaining
2025-03-23 21:18:51,411 - INFO - Current usage: CPU: 100.0%, Memory: 51.7%, Disk: 62.6%
2025-03-23 21:18:51,411 - INFO - In cooldown period, 12 seconds remaining
2025-03-23 21:19:02,424 - INFO - Current usage: CPU: 0.0%, Memory: 52.6%, Disk: 62.6%
2025-03-23 21:19:02,424 - INFO - In cooldown period, 1 seconds remaining
2025-03-23 21:19:13,437 - INFO - Current usage: CPU: 0.0%, Memory: 52.6%, Disk: 62.6%
2025-03-23 21:19:24,449 - INFO - Current usage: CPU: 0.0%, Memory: 52.6%, Disk: 62.6%
2025-03-23 21:19:35,462 - INFO - Current usage: CPU: 0.0%, Memory: 52.6%, Disk: 62.6%
2025-03-23 21:19:46,474 - INFO - Current usage: CPU: 0.0%, Memory: 52.6%, Disk: 62.6%
2025-03-23 21:19:57,487 - INFO - Current usage: CPU: 1.0%, Memory: 52.6%, Disk: 62.6%
2025-03-23 21:20:08,500 - INFO - Current usage: CPU: 0.0%, Memory: 52.6%, Disk: 62.6%
2025-03-23 21:20:19,513 - INFO - Current usage: CPU: 0.0%, Memory: 52.6%, Disk: 62.6%
2025-03-23 21:20:30,526 - INFO - Current usage: CPU: 0.0%, Memory: 52.6%, Disk: 62.6%
2025-03-23 21:20:41,539 - INFO - Current usage: CPU: 0.0%, Memory: 52.6%, Disk: 62.6%
2025-03-23 21:20:52,552 - INFO - Current usage: CPU: 0.0%, Memory: 52.6%, Disk: 62.6%
2025-03-23 21:21:03,564 - INFO - Current usage: CPU: 0.0%, Memory: 52.6%, Disk: 62.6%
2025-03-23 21:21:14,576 - INFO - Current usage: CPU: 0.0%, Memory: 52.6%, Disk: 62.6%
2025-03-23 21:21:25,589 - INFO - Current usage: CPU: 0.0%, Memory: 52.6%, Disk: 62.6%
2025-03-23 21:21:36,601 - INFO - Current usage: CPU: 0.0%, Memory: 52.6%, Disk: 62.6%
2025-03-23 21:21:47,606 - INFO - Current usage: CPU: 0.0%, Memory: 52.6%, Disk: 62.6%
2025-03-23 21:21:58,618 - INFO - Current usage: CPU: 0.0%, Memory: 52.6%, Disk: 62.6%
2025-03-23 21:22:09,630 - INFO - Current usage: CPU: 0.0%, Memory: 52.6%, Disk: 62.6%
2025-03-23 21:22:20,643 - INFO - Current usage: CPU: 1.0%, Memory: 52.6%, Disk: 62.6%
2025-03-23 21:22:31,655 - INFO - Current usage: CPU: 0.0%, Memory: 52.6%, Disk: 62.6%
2025-03-23 21:22:42,668 - INFO - Current usage: CPU: 1.0%, Memory: 54.9%, Disk: 62.6%
2025-03-23 21:22:53,679 - INFO - Current usage: CPU: 0.0%, Memory: 54.9%, Disk: 62.6%
2025-03-23 21:23:04,692 - INFO - Current usage: CPU: 0.0%, Memory: 54.9%, Disk: 62.6%
2025-03-23 21:23:15,700 - INFO - Current usage: CPU: 0.0%, Memory: 54.9%, Disk: 62.6%
2025-03-23 21:23:26,712 - INFO - Current usage: CPU: 0.0%, Memory: 54.9%, Disk: 62.6%
2025-03-23 21:23:37,725 - INFO - Current usage: CPU: 1.0%, Memory: 54.9%, Disk: 62.6%
2025-03-23 21:23:48,739 - INFO - Current usage: CPU: 0.0%, Memory: 54.9%, Disk: 62.6%
2025-03-23 21:23:59,753 - INFO - Current usage: CPU: 0.0%, Memory: 54.9%, Disk: 62.6%
2025-03-23 21:24:10,767 - INFO - Current usage: CPU: 2.0%, Memory: 54.9%, Disk: 62.6%
2025-03-23 21:24:21,781 - INFO - Current usage: CPU: 0.0%, Memory: 54.9%, Disk: 62.6%
2025-03-23 21:24:32,795 - INFO - Current usage: CPU: 0.0%, Memory: 54.9%, Disk: 62.6%
2025-03-23 21:24:43,809 - INFO - Current usage: CPU: 3.1%, Memory: 54.9%, Disk: 62.6%
2025-03-23 21:24:54,823 - INFO - Current usage: CPU: 0.0%, Memory: 54.9%, Disk: 62.6%
2025-03-23 21:25:05,836 - INFO - Current usage: CPU: 1.0%, Memory: 54.9%, Disk: 62.6%
2025-03-23 21:25:16,850 - INFO - Current usage: CPU: 0.0%, Memory: 54.9%, Disk: 62.6%
2025-03-23 21:25:27,857 - INFO - Current usage: CPU: 0.0%, Memory: 54.9%, Disk: 62.6%
2025-03-23 21:25:38,861 - INFO - Current usage: CPU: 0.0%, Memory: 54.9%, Disk: 62.6%
2025-03-23 21:25:49,875 - INFO - Current usage: CPU: 0.0%, Memory: 54.9%, Disk: 62.6%
2025-03-23 21:26:00,878 - INFO - Current usage: CPU: 0.0%, Memory: 54.9%, Disk: 62.6%
2025-03-23 21:26:11,890 - INFO - Current usage: CPU: 0.0%, Memory: 54.9%, Disk: 62.6%
2025-03-23 21:26:22,895 - INFO - Current usage: CPU: 1.0%, Memory: 54.9%, Disk: 62.6%
2025-03-23 21:26:33,908 - INFO - Current usage: CPU: 0.0%, Memory: 54.9%, Disk: 62.6%
2025-03-23 21:26:44,922 - INFO - Current usage: CPU: 0.0%, Memory: 54.8%, Disk: 62.6%
2025-03-23 21:26:55,935 - INFO - Current usage: CPU: 0.0%, Memory: 54.8%, Disk: 62.6%
2025-03-23 21:27:06,947 - INFO - Current usage: CPU: 0.0%, Memory: 57.2%, Disk: 62.6%
2025-03-23 21:27:17,959 - INFO - Current usage: CPU: 0.0%, Memory: 57.2%, Disk: 62.6%
2025-03-23 21:27:28,966 - INFO - Current usage: CPU: 0.0%, Memory: 57.2%, Disk: 62.6%
2025-03-23 21:27:39,979 - INFO - Current usage: CPU: 0.0%, Memory: 57.2%, Disk: 62.6%
2025-03-23 21:27:50,993 - INFO - Current usage: CPU: 0.0%, Memory: 57.2%, Disk: 62.6%
2025-03-23 21:28:01,998 - INFO - Current usage: CPU: 1.0%, Memory: 57.5%, Disk: 62.6%
2025-03-23 21:28:13,020 - INFO - Current usage: CPU: 18.4%, Memory: 58.5%, Disk: 62.6%
2025-03-23 21:28:14,755 - INFO - Monitoring stopped by user
2025-03-23 21:29:59,786 - INFO - Starting VM resource monitoring...
2025-03-23 21:29:59,786 - INFO - Monitoring threshold set at 75%
2025-03-23 21:29:59,786 - INFO - Successfully connected to GCP
2025-03-23 21:30:00,788 - INFO - Current usage: CPU: 7.8%, Memory: 66.3%, Disk: 62.6%
2025-03-23 21:30:11,805 - INFO - Current usage: CPU: 100.0%, Memory: 66.5%, Disk: 62.6%
2025-03-23 21:30:11,805 - WARNING - THRESHOLD EXCEEDED: CPU usage (100.0%) > 75%
2025-03-23 21:30:11,805 - INFO - AUTO-SCALING EVENT TRIGGERED by high CPU usage: 100.0%
2025-03-23 21:30:11,805 - INFO - Would connect to GCP instance 'instance-20250323-145124' in zone 'us-central1-c'
2025-03-23 21:30:11,805 - INFO - Simulating auto-scaling process...
2025-03-23 21:30:11,805 - INFO - Step 1/4: Verifying GCP instance exists... [SUCCESS]
2025-03-23 21:30:12,821 - INFO - Step 2/4: Starting GCP instance... [SUCCESS]
2025-03-23 21:30:13,822 - INFO - Step 3/4: Preparing workload for migration... [SUCCESS]
2025-03-23 21:30:14,824 - INFO - Step 4/4: Migrating workload to GCP instance... [SUCCESS]
2025-03-23 21:30:15,834 - INFO - AUTO-SCALING COMPLETE: Workload successfully migrated to GCP instance 'instance-20250323-145124'
2025-03-23 21:30:15,834 - INFO - Entering cooldown period of 60 seconds
2025-03-23 21:30:26,862 - INFO - Current usage: CPU: 100.0%, Memory: 66.5%, Disk: 62.6%
2025-03-23 21:30:26,862 - INFO - In cooldown period, 45 seconds remaining
2025-03-23 21:30:37,878 - INFO - Current usage: CPU: 100.0%, Memory: 66.5%, Disk: 62.6%
2025-03-23 21:30:37,878 - INFO - In cooldown period, 34 seconds remaining
2025-03-23 21:30:48,891 - INFO - Current usage: CPU: 100.0%, Memory: 66.5%, Disk: 62.6%
2025-03-23 21:30:48,891 - INFO - In cooldown period, 23 seconds remaining
2025-03-23 21:30:59,906 - INFO - Current usage: CPU: 100.0%, Memory: 66.5%, Disk: 62.6%
2025-03-23 21:30:59,906 - INFO - In cooldown period, 12 seconds remaining
2025-03-23 21:31:10,919 - INFO - Current usage: CPU: 0.0%, Memory: 66.5%, Disk: 62.6%
2025-03-23 21:31:10,919 - INFO - In cooldown period, 1 seconds remaining
2025-03-23 21:31:21,932 - INFO - Current usage: CPU: 0.0%, Memory: 66.5%, Disk: 62.6%
2025-03-23 21:31:30,285 - INFO - Monitoring stopped by user
2025-03-23 21:33:11,665 - INFO - Starting VM resource monitoring...
2025-03-23 21:33:11,665 - INFO - Monitoring threshold set at 75%
2025-03-23 21:33:11,665 - INFO - Successfully connected to GCP
2025-03-23 21:33:12,667 - INFO - Current usage: CPU: 1.1%, Memory: 65.3%, Disk: 62.6%
2025-03-23 21:33:23,689 - INFO - Current usage: CPU: 100.0%, Memory: 65.6%, Disk: 62.6%
2025-03-23 21:33:23,689 - WARNING - THRESHOLD EXCEEDED: CPU usage (100.0%) > 75%
2025-03-23 21:33:23,689 - INFO - AUTO-SCALING EVENT TRIGGERED by high CPU usage: 100.0%
2025-03-23 21:33:23,689 - INFO - Would connect to GCP instance 'instance-20250323-145124' in zone 'us-central1-c'
2025-03-23 21:33:23,689 - INFO - Simulating auto-scaling process...
2025-03-23 21:33:23,689 - INFO - Step 1/4: Verifying GCP instance exists... [SUCCESS]
2025-03-23 21:33:24,692 - INFO - Step 2/4: Starting GCP instance... [SUCCESS]
2025-03-23 21:33:25,698 - INFO - Step 3/4: Preparing workload for migration... [SUCCESS]
2025-03-23 21:33:26,707 - INFO - Step 4/4: Migrating workload to GCP instance... [SUCCESS]
2025-03-23 21:33:27,708 - INFO - AUTO-SCALING COMPLETE: Workload successfully migrated to GCP instance 'instance-20250323-145124'
2025-03-23 21:33:27,708 - INFO - Entering cooldown period of 60 seconds
2025-03-23 21:33:38,730 - INFO - Current usage: CPU: 100.0%, Memory: 65.6%, Disk: 62.6%
2025-03-23 21:33:38,730 - INFO - In cooldown period, 45 seconds remaining
2025-03-23 21:33:49,750 - INFO - Current usage: CPU: 100.0%, Memory: 65.6%, Disk: 62.6%
2025-03-23 21:33:49,750 - INFO - In cooldown period, 34 seconds remaining
2025-03-23 21:34:00,780 - INFO - Current usage: CPU: 100.0%, Memory: 65.6%, Disk: 62.6%
2025-03-23 21:34:00,780 - INFO - In cooldown period, 23 seconds remaining
2025-03-23 21:34:11,802 - INFO - Current usage: CPU: 100.0%, Memory: 65.6%, Disk: 62.6%
2025-03-23 21:34:11,802 - INFO - In cooldown period, 12 seconds remaining
2025-03-23 21:34:22,814 - INFO - Current usage: CPU: 0.0%, Memory: 65.6%, Disk: 62.6%
2025-03-23 21:34:22,814 - INFO - In cooldown period, 1 seconds remaining
2025-03-23 21:34:33,827 - INFO - Current usage: CPU: 0.0%, Memory: 65.6%, Disk: 62.6%
2025-03-23 21:34:43,813 - INFO - Monitoring stopped by user
2025-03-23 21:36:03,426 - INFO - Starting VM resource monitoring...
2025-03-23 21:36:03,426 - INFO - Monitoring threshold set at 75%
2025-03-23 21:36:03,426 - INFO - Successfully connected to GCP
2025-03-23 21:36:04,428 - INFO - Current usage: CPU: 1.1%, Memory: 65.6%, Disk: 62.6%
2025-03-23 21:36:15,450 - INFO - Current usage: CPU: 100.0%, Memory: 65.6%, Disk: 62.6%
2025-03-23 21:36:15,450 - WARNING - THRESHOLD EXCEEDED: CPU usage (100.0%) > 75%
2025-03-23 21:36:15,450 - INFO - AUTO-SCALING EVENT TRIGGERED by high CPU usage: 100.0%
2025-03-23 21:36:15,450 - INFO - Would connect to GCP instance 'instance-20250323-145124' in zone 'us-central1-c'
2025-03-23 21:36:15,450 - INFO - Simulating auto-scaling process...
2025-03-23 21:36:15,450 - INFO - Step 1/4: Verifying GCP instance exists... [SUCCESS]
2025-03-23 21:36:16,458 - INFO - Step 2/4: Starting GCP instance... [SUCCESS]
2025-03-23 21:36:17,467 - INFO - Step 3/4: Preparing workload for migration... [SUCCESS]
2025-03-23 21:36:18,476 - INFO - Step 4/4: Migrating workload to GCP instance... [SUCCESS]
2025-03-23 21:36:19,477 - INFO - AUTO-SCALING COMPLETE: Workload successfully migrated to GCP instance 'instance-20250323-145124'
2025-03-23 21:36:19,477 - INFO - Entering cooldown period of 60 seconds
2025-03-23 21:36:30,500 - INFO - Current usage: CPU: 100.0%, Memory: 65.6%, Disk: 62.6%
2025-03-23 21:36:30,500 - INFO - In cooldown period, 45 seconds remaining
2025-03-23 21:36:41,526 - INFO - Current usage: CPU: 100.0%, Memory: 65.6%, Disk: 62.6%
2025-03-23 21:36:41,526 - INFO - In cooldown period, 34 seconds remaining
2025-03-23 21:36:52,548 - INFO - Current usage: CPU: 100.0%, Memory: 65.6%, Disk: 62.6%
2025-03-23 21:36:52,548 - INFO - In cooldown period, 23 seconds remaining
2025-03-23 21:37:03,564 - INFO - Current usage: CPU: 100.0%, Memory: 65.6%, Disk: 62.6%
2025-03-23 21:37:03,564 - INFO - In cooldown period, 12 seconds remaining
2025-03-23 21:37:14,576 - INFO - Current usage: CPU: 1.0%, Memory: 65.6%, Disk: 62.6%
2025-03-23 21:37:14,577 - INFO - In cooldown period, 1 seconds remaining
2025-03-23 21:37:25,590 - INFO - Current usage: CPU: 0.0%, Memory: 65.6%, Disk: 62.6%
2025-03-23 21:37:36,603 - INFO - Current usage: CPU: 0.0%, Memory: 65.6%, Disk: 62.6%
2025-03-23 21:37:47,606 - INFO - Current usage: CPU: 2.1%, Memory: 65.4%, Disk: 62.6%
2025-03-23 21:37:58,618 - INFO - Current usage: CPU: 0.0%, Memory: 65.4%, Disk: 62.6%
2025-03-23 21:38:09,630 - INFO - Current usage: CPU: 0.0%, Memory: 65.4%, Disk: 62.6%
2025-03-23 21:38:20,643 - INFO - Current usage: CPU: 0.0%, Memory: 65.4%, Disk: 62.6%
2025-03-23 21:38:31,657 - INFO - Current usage: CPU: 2.2%, Memory: 65.4%, Disk: 62.6%
2025-03-23 21:38:42,670 - INFO - Current usage: CPU: 1.0%, Memory: 65.4%, Disk: 62.6%
2025-03-23 21:38:44,974 - INFO - Monitoring stopped by user
2025-03-23 21:43:11,092 - INFO - Starting VM resource monitoring...
2025-03-23 21:43:11,092 - INFO - Monitoring threshold set at 75%
2025-03-23 21:43:11,092 - INFO - Successfully connected to GCP
2025-03-23 21:43:12,094 - INFO - Current usage: CPU: 5.6%, Memory: 65.5%, Disk: 62.6%
2025-03-23 21:43:23,114 - INFO - Current usage: CPU: 100.0%, Memory: 65.7%, Disk: 62.6%
2025-03-23 21:43:23,114 - WARNING - THRESHOLD EXCEEDED: CPU usage (100.0%) > 75%
2025-03-23 21:43:23,114 - INFO - AUTO-SCALING EVENT TRIGGERED by high CPU usage: 100.0%
2025-03-23 21:43:23,114 - INFO - Would connect to GCP instance 'instance-20250323-145124' in zone 'us-central1-c'
2025-03-23 21:43:23,114 - INFO - Simulating auto-scaling process...
2025-03-23 21:43:23,114 - INFO - Step 1/4: Verifying GCP instance exists... [SUCCESS]
2025-03-23 21:43:24,115 - INFO - Step 2/4: Starting GCP instance... [SUCCESS]
2025-03-23 21:43:25,117 - INFO - Step 3/4: Preparing workload for migration... [SUCCESS]
2025-03-23 21:43:26,123 - INFO - Step 4/4: Migrating workload to GCP instance... [SUCCESS]
2025-03-23 21:43:27,129 - INFO - AUTO-SCALING COMPLETE: Workload successfully migrated to GCP instance 'instance-20250323-145124'
2025-03-23 21:43:27,129 - INFO - Entering cooldown period of 60 seconds
2025-03-23 21:43:38,149 - INFO - Current usage: CPU: 100.0%, Memory: 65.8%, Disk: 62.6%
2025-03-23 21:43:38,149 - INFO - In cooldown period, 45 seconds remaining
2025-03-23 21:43:49,170 - INFO - Current usage: CPU: 100.0%, Memory: 65.8%, Disk: 62.6%
2025-03-23 21:43:49,170 - INFO - In cooldown period, 34 seconds remaining
2025-03-23 21:44:00,189 - INFO - Current usage: CPU: 100.0%, Memory: 65.8%, Disk: 62.6%
2025-03-23 21:44:00,189 - INFO - In cooldown period, 23 seconds remaining
2025-03-23 21:44:11,209 - INFO - Current usage: CPU: 100.0%, Memory: 65.8%, Disk: 62.6%
2025-03-23 21:44:11,209 - INFO - In cooldown period, 12 seconds remaining
2025-03-23 21:44:22,222 - INFO - Current usage: CPU: 2.1%, Memory: 65.8%, Disk: 62.6%
2025-03-23 21:44:22,222 - INFO - In cooldown period, 1 seconds remaining
2025-03-23 21:44:33,234 - INFO - Current usage: CPU: 0.0%, Memory: 65.8%, Disk: 62.6%
2025-03-23 21:44:44,245 - INFO - Current usage: CPU: 1.0%, Memory: 65.8%, Disk: 62.6%
2025-03-23 21:44:55,259 - INFO - Current usage: CPU: 0.0%, Memory: 65.8%, Disk: 62.6%
2025-03-23 21:45:06,262 - INFO - Current usage: CPU: 0.0%, Memory: 65.7%, Disk: 62.6%
2025-03-23 21:45:17,275 - INFO - Current usage: CPU: 0.0%, Memory: 65.7%, Disk: 62.6%
2025-03-23 21:45:28,279 - INFO - Current usage: CPU: 0.0%, Memory: 65.7%, Disk: 62.6%
2025-03-23 21:45:39,292 - INFO - Current usage: CPU: 0.0%, Memory: 65.7%, Disk: 62.6%
2025-03-23 21:45:50,304 - INFO - Current usage: CPU: 0.0%, Memory: 65.7%, Disk: 62.6%
2025-03-23 21:46:01,318 - INFO - Current usage: CPU: 0.0%, Memory: 65.7%, Disk: 62.6%
2025-03-23 21:46:12,331 - INFO - Current usage: CPU: 0.0%, Memory: 65.7%, Disk: 62.6%
2025-03-23 21:46:23,344 - INFO - Current usage: CPU: 0.0%, Memory: 65.7%, Disk: 62.6%
2025-03-23 21:46:34,356 - INFO - Current usage: CPU: 0.0%, Memory: 65.7%, Disk: 62.6%
2025-03-23 21:46:45,369 - INFO - Current usage: CPU: 0.0%, Memory: 65.7%, Disk: 62.6%
2025-03-23 21:46:56,381 - INFO - Current usage: CPU: 1.0%, Memory: 65.7%, Disk: 62.6%
2025-03-23 21:47:07,394 - INFO - Current usage: CPU: 0.0%, Memory: 65.7%, Disk: 62.6%
2025-03-23 21:47:18,406 - INFO - Current usage: CPU: 0.0%, Memory: 65.7%, Disk: 62.6%
2025-03-23 21:47:29,420 - INFO - Current usage: CPU: 0.0%, Memory: 65.7%, Disk: 62.6%
2025-03-23 21:47:40,433 - INFO - Current usage: CPU: 0.0%, Memory: 65.7%, Disk: 62.6%
2025-03-23 21:47:51,445 - INFO - Current usage: CPU: 0.0%, Memory: 65.7%, Disk: 62.6%
2025-03-23 21:48:02,448 - INFO - Current usage: CPU: 0.0%, Memory: 65.7%, Disk: 62.6%
2025-03-23 21:48:13,460 - INFO - Current usage: CPU: 0.0%, Memory: 65.7%, Disk: 62.6%